# JRE version: OpenJDK Runtime Environment (8.0_202-b03) (build 1.8.0_202-release-1483-b03)
# Java VM: OpenJDK 64-Bit Server VM (25.202-b03 mixed mode windows-amd64 compressed oops)
Heap:
 PSYoungGen      total 192000K, used 126806K [0x00000000e0000000, 0x00000000f0d80000, 0x0000000100000000)
  eden space 171520K, 73% used [0x00000000e0000000,0x00000000e7bd5bd8,0x00000000ea780000)
  from space 20480K, 0% used [0x00000000ea780000,0x00000000ea780000,0x00000000ebb80000)
  to   space 20992K, 0% used [0x00000000ef900000,0x00000000ef900000,0x00000000f0d80000)
 ParOldGen       total 182784K, used 29127K [0x00000000a0000000, 0x00000000ab280000, 0x00000000e0000000)
  object space 182784K, 15% used [0x00000000a0000000,0x00000000a1c71f10,0x00000000ab280000)
 Metaspace       used 62285K, capacity 64310K, committed 64472K, reserved 1105920K
  class space    used 8383K, capacity 8842K, committed 8960K, reserved 1048576K
GC Heap History (10 events):
Event: 5.220 GC heap before
{Heap before GC invocations=8 (full 2):
 PSYoungGen      total 136192K, used 8336K [0x00000000e0000000, 0x00000000ec980000, 0x0000000100000000)
  eden space 125952K, 0% used [0x00000000e0000000,0x00000000e0000000,0x00000000e7b00000)
  from space 10240K, 81% used [0x00000000e8800000,0x00000000e9024010,0x00000000e9200000)
  to   space 13312K, 0% used [0x00000000e7b00000,0x00000000e7b00000,0x00000000e8800000)
 ParOldGen       total 117760K, used 11637K [0x00000000a0000000, 0x00000000a7300000, 0x00000000e0000000)
  object space 117760K, 9% used [0x00000000a0000000,0x00000000a0b5d600,0x00000000a7300000)
 Metaspace       used 34563K, capacity 35370K, committed 35456K, reserved 1079296K
  class space    used 4740K, capacity 4954K, committed 4992K, reserved 1048576K
Event: 5.278 GC heap after
Heap after GC invocations=8 (full 2):
 PSYoungGen      total 136192K, used 0K [0x00000000e0000000, 0x00000000ec980000, 0x0000000100000000)
  eden space 125952K, 0% used [0x00000000e0000000,0x00000000e0000000,0x00000000e7b00000)
  from space 10240K, 0% used [0x00000000e8800000,0x00000000e8800000,0x00000000e9200000)
  to   space 13312K, 0% used [0x00000000e7b00000,0x00000000e7b00000,0x00000000e8800000)
 ParOldGen       total 182784K, used 15238K [0x00000000a0000000, 0x00000000ab280000, 0x00000000e0000000)
  object space 182784K, 8% used [0x00000000a0000000,0x00000000a0ee1a78,0x00000000ab280000)
 Metaspace       used 34552K, capacity 35334K, committed 35456K, reserved 1079296K
  class space    used 4737K, capacity 4948K, committed 4992K, reserved 1048576K
}
Event: 7.776 GC heap before
{Heap before GC invocations=9 (full 2):
 PSYoungGen      total 136192K, used 125952K [0x00000000e0000000, 0x00000000ec980000, 0x0000000100000000)
  eden space 125952K, 100% used [0x00000000e0000000,0x00000000e7b00000,0x00000000e7b00000)
  from space 10240K, 0% used [0x00000000e8800000,0x00000000e8800000,0x00000000e9200000)
  to   space 13312K, 0% used [0x00000000e7b00000,0x00000000e7b00000,0x00000000e8800000)
 ParOldGen       total 182784K, used 15238K [0x00000000a0000000, 0x00000000ab280000, 0x00000000e0000000)
  object space 182784K, 8% used [0x00000000a0000000,0x00000000a0ee1a78,0x00000000ab280000)
 Metaspace       used 46578K, capacity 47724K, committed 48000K, reserved 1091584K
  class space    used 6237K, capacity 6511K, committed 6528K, reserved 1048576K
Event: 7.797 GC heap after
Heap after GC invocations=9 (full 2):
 PSYoungGen      total 139264K, used 13288K [0x00000000e0000000, 0x00000000ecb80000, 0x0000000100000000)
  eden space 125952K, 0% used [0x00000000e0000000,0x00000000e0000000,0x00000000e7b00000)
  from space 13312K, 99% used [0x00000000e7b00000,0x00000000e87fa3a0,0x00000000e8800000)
  to   space 16384K, 0% used [0x00000000ebb80000,0x00000000ebb80000,0x00000000ecb80000)
 ParOldGen       total 182784K, used 18570K [0x00000000a0000000, 0x00000000ab280000, 0x00000000e0000000)
  object space 182784K, 10% used [0x00000000a0000000,0x00000000a1222a38,0x00000000ab280000)
 Metaspace       used 46578K, capacity 47724K, committed 48000K, reserved 1091584K
  class space    used 6237K, capacity 6511K, committed 6528K, reserved 1048576K
}
Event: 9.913 GC heap before
{Heap before GC invocations=10 (full 2):
 PSYoungGen      total 139264K, used 139240K [0x00000000e0000000, 0x00000000ecb80000, 0x0000000100000000)
  eden space 125952K, 100% used [0x00000000e0000000,0x00000000e7b00000,0x00000000e7b00000)
  from space 13312K, 99% used [0x00000000e7b00000,0x00000000e87fa3a0,0x00000000e8800000)
  to   space 16384K, 0% used [0x00000000ebb80000,0x00000000ebb80000,0x00000000ecb80000)
 ParOldGen       total 182784K, used 18570K [0x00000000a0000000, 0x00000000ab280000, 0x00000000e0000000)
  object space 182784K, 10% used [0x00000000a0000000,0x00000000a1222a38,0x00000000ab280000)
 Metaspace       used 56426K, capacity 57982K, committed 58240K, reserved 1099776K
  class space    used 7579K, capacity 7966K, committed 8064K, reserved 1048576K
Event: 9.932 GC heap after
Heap after GC invocations=10 (full 2):
 PSYoungGen      total 187904K, used 16356K [0x00000000e0000000, 0x00000000ed100000, 0x0000000100000000)
  eden space 171520K, 0% used [0x00000000e0000000,0x00000000e0000000,0x00000000ea780000)
  from space 16384K, 99% used [0x00000000ebb80000,0x00000000ecb79288,0x00000000ecb80000)
  to   space 20480K, 0% used [0x00000000ea780000,0x00000000ea780000,0x00000000ebb80000)
 ParOldGen       total 182784K, used 23806K [0x00000000a0000000, 0x00000000ab280000, 0x00000000e0000000)
  object space 182784K, 13% used [0x00000000a0000000,0x00000000a173f8c0,0x00000000ab280000)
 Metaspace       used 56426K, capacity 57982K, committed 58240K, reserved 1099776K
  class space    used 7579K, capacity 7966K, committed 8064K, reserved 1048576K
}
Event: 10.062 GC heap before
{Heap before GC invocations=11 (full 2):
 PSYoungGen      total 187904K, used 32540K [0x00000000e0000000, 0x00000000ed100000, 0x0000000100000000)
  eden space 171520K, 9% used [0x00000000e0000000,0x00000000e0fcdda0,0x00000000ea780000)
  from space 16384K, 99% used [0x00000000ebb80000,0x00000000ecb79288,0x00000000ecb80000)
  to   space 20480K, 0% used [0x00000000ea780000,0x00000000ea780000,0x00000000ebb80000)
 ParOldGen       total 182784K, used 23806K [0x00000000a0000000, 0x00000000ab280000, 0x00000000e0000000)
  object space 182784K, 13% used [0x00000000a0000000,0x00000000a173f8c0,0x00000000ab280000)
 Metaspace       used 57459K, capacity 59074K, committed 59096K, reserved 1099776K
  class space    used 7763K, capacity 8170K, committed 8192K, reserved 1048576K
Event: 10.074 GC heap after
Heap after GC invocations=11 (full 2):
 PSYoungGen      total 192000K, used 15000K [0x00000000e0000000, 0x00000000f0d80000, 0x0000000100000000)
  eden space 171520K, 0% used [0x00000000e0000000,0x00000000e0000000,0x00000000ea780000)
  from space 20480K, 73% used [0x00000000ea780000,0x00000000eb6262e0,0x00000000ebb80000)
  to   space 20992K, 0% used [0x00000000ef900000,0x00000000ef900000,0x00000000f0d80000)
 ParOldGen       total 182784K, used 23814K [0x00000000a0000000, 0x00000000ab280000, 0x00000000e0000000)
  object space 182784K, 13% used [0x00000000a0000000,0x00000000a17418c0,0x00000000ab280000)
 Metaspace       used 57459K, capacity 59074K, committed 59096K, reserved 1099776K
  class space    used 7763K, capacity 8170K, committed 8192K, reserved 1048576K
}
Event: 10.074 GC heap before
{Heap before GC invocations=12 (full 3):
 PSYoungGen      total 192000K, used 15000K [0x00000000e0000000, 0x00000000f0d80000, 0x0000000100000000)
  eden space 171520K, 0% used [0x00000000e0000000,0x00000000e0000000,0x00000000ea780000)
  from space 20480K, 73% used [0x00000000ea780000,0x00000000eb6262e0,0x00000000ebb80000)
  to   space 20992K, 0% used [0x00000000ef900000,0x00000000ef900000,0x00000000f0d80000)
 ParOldGen       total 182784K, used 23814K [0x00000000a0000000, 0x00000000ab280000, 0x00000000e0000000)
  object space 182784K, 13% used [0x00000000a0000000,0x00000000a17418c0,0x00000000ab280000)
 Metaspace       used 57459K, capacity 59074K, committed 59096K, reserved 1099776K
  class space    used 7763K, capacity 8170K, committed 8192K, reserved 1048576K
Event: 10.249 GC heap after
Heap after GC invocations=12 (full 3):
 PSYoungGen      total 192000K, used 0K [0x00000000e0000000, 0x00000000f0d80000, 0x0000000100000000)
  eden space 171520K, 0% used [0x00000000e0000000,0x00000000e0000000,0x00000000ea780000)
  from space 20480K, 0% used [0x00000000ea780000,0x00000000ea780000,0x00000000ebb80000)
  to   space 20992K, 0% used [0x00000000ef900000,0x00000000ef900000,0x00000000f0d80000)
 ParOldGen       total 182784K, used 29127K [0x00000000a0000000, 0x00000000ab280000, 0x00000000e0000000)
  object space 182784K, 15% used [0x00000000a0000000,0x00000000a1c71f10,0x00000000ab280000)
 Metaspace       used 57459K, capacity 59074K, committed 59096K, reserved 1099776K
  class space    used 7763K, capacity 8170K, committed 8192K, reserved 1048576K
}

