# JRE version: OpenJDK Runtime Environment (8.0_202-b03) (build 1.8.0_202-release-1483-b03)
# Java VM: OpenJDK 64-Bit Server VM (25.202-b03 mixed mode windows-amd64 compressed oops)
Heap:
 PSYoungGen      total 392704K, used 258943K [0x00000000e0000000, 0x00000000ffc80000, 0x0000000100000000)
  eden space 265728K, 96% used [0x00000000e0000000,0x00000000efb4ab98,0x00000000f0380000)
  from space 126976K, 1% used [0x00000000f0380000,0x00000000f0515218,0x00000000f7f80000)
  to   space 127488K, 0% used [0x00000000f8000000,0x00000000f8000000,0x00000000ffc80000)
 ParOldGen       total 323072K, used 118705K [0x00000000a0000000, 0x00000000b3b80000, 0x00000000e0000000)
  object space 323072K, 36% used [0x00000000a0000000,0x00000000a73ec6f0,0x00000000b3b80000)
 Metaspace       used 138041K, capacity 147718K, committed 147860K, reserved 1177600K
  class space    used 17412K, capacity 19069K, committed 19132K, reserved 1048576K
GC Heap History (10 events):
Event: 6458.584 GC heap before
{Heap before GC invocations=42 (full 5):
 PSYoungGen      total 428032K, used 412990K [0x00000000e0000000, 0x0000000100000000, 0x0000000100000000)
  eden space 347136K, 100% used [0x00000000e0000000,0x00000000f5300000,0x00000000f5300000)
  from space 80896K, 81% used [0x00000000fb100000,0x00000000ff14f8c0,0x0000000100000000)
  to   space 88576K, 0% used [0x00000000f5300000,0x00000000f5300000,0x00000000fa980000)
 ParOldGen       total 323072K, used 48746K [0x00000000a0000000, 0x00000000b3b80000, 0x00000000e0000000)
  object space 323072K, 15% used [0x00000000a0000000,0x00000000a2f9a960,0x00000000b3b80000)
 Metaspace       used 132993K, capacity 142456K, committed 142612K, reserved 1173504K
  class space    used 16801K, capacity 18414K, committed 18492K, reserved 1048576K
Event: 6458.647 GC heap after
Heap after GC invocations=42 (full 5):
 PSYoungGen      total 435712K, used 88565K [0x00000000e0000000, 0x0000000100000000, 0x0000000100000000)
  eden space 347136K, 0% used [0x00000000e0000000,0x00000000e0000000,0x00000000f5300000)
  from space 88576K, 99% used [0x00000000f5300000,0x00000000fa97d688,0x00000000fa980000)
  to   space 88576K, 0% used [0x00000000fa980000,0x00000000fa980000,0x0000000100000000)
 ParOldGen       total 323072K, used 51925K [0x00000000a0000000, 0x00000000b3b80000, 0x00000000e0000000)
  object space 323072K, 16% used [0x00000000a0000000,0x00000000a32b5540,0x00000000b3b80000)
 Metaspace       used 132993K, capacity 142456K, committed 142612K, reserved 1173504K
  class space    used 16801K, capacity 18414K, committed 18492K, reserved 1048576K
}
Event: 6459.067 GC heap before
{Heap before GC invocations=43 (full 5):
 PSYoungGen      total 435712K, used 435701K [0x00000000e0000000, 0x0000000100000000, 0x0000000100000000)
  eden space 347136K, 100% used [0x00000000e0000000,0x00000000f5300000,0x00000000f5300000)
  from space 88576K, 99% used [0x00000000f5300000,0x00000000fa97d688,0x00000000fa980000)
  to   space 88576K, 0% used [0x00000000fa980000,0x00000000fa980000,0x0000000100000000)
 ParOldGen       total 323072K, used 52125K [0x00000000a0000000, 0x00000000b3b80000, 0x00000000e0000000)
  object space 323072K, 16% used [0x00000000a0000000,0x00000000a32e7468,0x00000000b3b80000)
 Metaspace       used 133047K, capacity 142468K, committed 142612K, reserved 1173504K
  class space    used 16803K, capacity 18416K, committed 18492K, reserved 1048576K
Event: 6459.240 GC heap after
Heap after GC invocations=43 (full 5):
 PSYoungGen      total 368128K, used 88559K [0x00000000e0000000, 0x0000000100000000, 0x0000000100000000)
  eden space 279552K, 0% used [0x00000000e0000000,0x00000000e0000000,0x00000000f1100000)
  from space 88576K, 99% used [0x00000000fa980000,0x00000000ffffbd48,0x0000000100000000)
  to   space 122368K, 0% used [0x00000000f1100000,0x00000000f1100000,0x00000000f8880000)
 ParOldGen       total 323072K, used 68891K [0x00000000a0000000, 0x00000000b3b80000, 0x00000000e0000000)
  object space 323072K, 21% used [0x00000000a0000000,0x00000000a4346d38,0x00000000b3b80000)
 Metaspace       used 133047K, capacity 142468K, committed 142612K, reserved 1173504K
  class space    used 16803K, capacity 18416K, committed 18492K, reserved 1048576K
}
Event: 6459.471 GC heap before
{Heap before GC invocations=44 (full 5):
 PSYoungGen      total 368128K, used 368111K [0x00000000e0000000, 0x0000000100000000, 0x0000000100000000)
  eden space 279552K, 100% used [0x00000000e0000000,0x00000000f1100000,0x00000000f1100000)
  from space 88576K, 99% used [0x00000000fa980000,0x00000000ffffbd48,0x0000000100000000)
  to   space 122368K, 0% used [0x00000000f1100000,0x00000000f1100000,0x00000000f8880000)
 ParOldGen       total 323072K, used 68894K [0x00000000a0000000, 0x00000000b3b80000, 0x00000000e0000000)
  object space 323072K, 21% used [0x00000000a0000000,0x00000000a43478f0,0x00000000b3b80000)
 Metaspace       used 133051K, capacity 142468K, committed 142612K, reserved 1173504K
  class space    used 16803K, capacity 18416K, committed 18492K, reserved 1048576K
Event: 6459.577 GC heap after
Heap after GC invocations=44 (full 5):
 PSYoungGen      total 372224K, used 92666K [0x00000000e0000000, 0x0000000100000000, 0x0000000100000000)
  eden space 279552K, 0% used [0x00000000e0000000,0x00000000e0000000,0x00000000f1100000)
  from space 92672K, 99% used [0x00000000f1100000,0x00000000f6b7e8e8,0x00000000f6b80000)
  to   space 131584K, 0% used [0x00000000f7f80000,0x00000000f7f80000,0x0000000100000000)
 ParOldGen       total 323072K, used 73404K [0x00000000a0000000, 0x00000000b3b80000, 0x00000000e0000000)
  object space 323072K, 22% used [0x00000000a0000000,0x00000000a47af0e8,0x00000000b3b80000)
 Metaspace       used 133051K, capacity 142468K, committed 142612K, reserved 1173504K
  class space    used 16803K, capacity 18416K, committed 18492K, reserved 1048576K
}
Event: 6459.802 GC heap before
{Heap before GC invocations=45 (full 5):
 PSYoungGen      total 372224K, used 372218K [0x00000000e0000000, 0x0000000100000000, 0x0000000100000000)
  eden space 279552K, 100% used [0x00000000e0000000,0x00000000f1100000,0x00000000f1100000)
  from space 92672K, 99% used [0x00000000f1100000,0x00000000f6b7e8e8,0x00000000f6b80000)
  to   space 131584K, 0% used [0x00000000f7f80000,0x00000000f7f80000,0x0000000100000000)
 ParOldGen       total 323072K, used 73404K [0x00000000a0000000, 0x00000000b3b80000, 0x00000000e0000000)
  object space 323072K, 22% used [0x00000000a0000000,0x00000000a47af0e8,0x00000000b3b80000)
 Metaspace       used 133064K, capacity 142468K, committed 142612K, reserved 1173504K
  class space    used 16803K, capacity 18416K, committed 18492K, reserved 1048576K
Event: 6459.979 GC heap after
Heap after GC invocations=45 (full 5):
 PSYoungGen      total 397312K, used 31129K [0x00000000e0000000, 0x0000000100000000, 0x0000000100000000)
  eden space 265728K, 0% used [0x00000000e0000000,0x00000000e0000000,0x00000000f0380000)
  from space 131584K, 23% used [0x00000000f7f80000,0x00000000f9de65b0,0x0000000100000000)
  to   space 126976K, 0% used [0x00000000f0380000,0x00000000f0380000,0x00000000f7f80000)
 ParOldGen       total 323072K, used 111086K [0x00000000a0000000, 0x00000000b3b80000, 0x00000000e0000000)
  object space 323072K, 34% used [0x00000000a0000000,0x00000000a6c7b9e8,0x00000000b3b80000)
 Metaspace       used 133064K, capacity 142468K, committed 142612K, reserved 1173504K
  class space    used 16803K, capacity 18416K, committed 18492K, reserved 1048576K
}
Event: 6460.898 GC heap before
{Heap before GC invocations=46 (full 5):
 PSYoungGen      total 397312K, used 296857K [0x00000000e0000000, 0x0000000100000000, 0x0000000100000000)
  eden space 265728K, 100% used [0x00000000e0000000,0x00000000f0380000,0x00000000f0380000)
  from space 131584K, 23% used [0x00000000f7f80000,0x00000000f9de65b0,0x0000000100000000)
  to   space 126976K, 0% used [0x00000000f0380000,0x00000000f0380000,0x00000000f7f80000)
 ParOldGen       total 323072K, used 111086K [0x00000000a0000000, 0x00000000b3b80000, 0x00000000e0000000)
  object space 323072K, 34% used [0x00000000a0000000,0x00000000a6c7b9e8,0x00000000b3b80000)
 Metaspace       used 133216K, capacity 142660K, committed 142868K, reserved 1173504K
  class space    used 16818K, capacity 18454K, committed 18492K, reserved 1048576K
Event: 6460.945 GC heap after
Heap after GC invocations=46 (full 5):
 PSYoungGen      total 392704K, used 1620K [0x00000000e0000000, 0x00000000ffc80000, 0x0000000100000000)
  eden space 265728K, 0% used [0x00000000e0000000,0x00000000e0000000,0x00000000f0380000)
  from space 126976K, 1% used [0x00000000f0380000,0x00000000f0515218,0x00000000f7f80000)
  to   space 127488K, 0% used [0x00000000f8000000,0x00000000f8000000,0x00000000ffc80000)
 ParOldGen       total 323072K, used 118705K [0x00000000a0000000, 0x00000000b3b80000, 0x00000000e0000000)
  object space 323072K, 36% used [0x00000000a0000000,0x00000000a73ec6f0,0x00000000b3b80000)
 Metaspace       used 133216K, capacity 142660K, committed 142868K, reserved 1173504K
  class space    used 16818K, capacity 18454K, committed 18492K, reserved 1048576K
}

